Using pre-set license
Built from '2020.3/release' branch; Version is '2020.3.34f1 (9a4c9c70452b) revision 10112156'; Using compiler version '192528614'; Build Type 'Release'
OS: 'Windows 10  (10.0.19045) 64bit Core' Language: 'pl' Physical Memory: 16312 MB
BatchMode: 1, IsHumanControllingUs: 0, StartBugReporterOnCrash: 0, Is64bit: 1, IsPro: 0

COMMAND LINE ARGUMENTS:
C:\Program Files\Unity\Hub\Editor\2020.3.34f1\Editor\Unity.exe
-adb2
-batchMode
-noUpm
-name
AssetImportWorker0
-projectPath
D:/Project2/Star_Figter/Star Fighter
-logFile
Logs/AssetImportWorker0.log
-srvPort
52294
Successfully changed project path to: D:/Project2/Star_Figter/Star Fighter
D:/Project2/Star_Figter/Star Fighter
Using Asset Import Pipeline V2.
Refreshing native plugins compatible for Editor in 42.57 ms, found 3 plugins.
Preloading 0 native plugins for Editor in 0.00 ms.
Initialize engine version: 2020.3.34f1 (9a4c9c70452b)
[Subsystems] Discovering subsystems at path C:/Program Files/Unity/Hub/Editor/2020.3.34f1/Editor/Data/Resources/UnitySubsystems
[Subsystems] Discovering subsystems at path D:/Project2/Star_Figter/Star Fighter/Assets
GfxDevice: creating device client; threaded=0
Direct3D:
    Version:  Direct3D 11.0 [level 11.1]
    Renderer: NVIDIA GeForce GTX 1080 Ti (ID=0x1b06)
    Vendor:   
    VRAM:     11106 MB
    Driver:   32.0.15.6614
Initialize mono
Mono path[0] = 'C:/Program Files/Unity/Hub/Editor/2020.3.34f1/Editor/Data/Managed'
Mono path[1] = 'C:/Program Files/Unity/Hub/Editor/2020.3.34f1/Editor/Data/MonoBleedingEdge/lib/mono/unityjit'
Mono config path = 'C:/Program Files/Unity/Hub/Editor/2020.3.34f1/Editor/Data/MonoBleedingEdge/etc'
Using monoOptions --debugger-agent=transport=dt_socket,embedding=1,server=y,suspend=n,address=127.0.0.1:56332
Begin MonoManager ReloadAssembly
Registering precompiled unity dll's ...
Register platform support module: C:/Program Files/Unity/Hub/Editor/2020.3.34f1/Editor/Data/PlaybackEngines/WindowsStandaloneSupport/UnityEditor.WindowsStandalone.Extensions.dll
Registered in 0.001714 seconds.
Native extension for WindowsStandalone target not found
Refreshing native plugins compatible for Editor in 44.59 ms, found 3 plugins.
Preloading 0 native plugins for Editor in 0.00 ms.
Mono: successfully reloaded assembly
- Completed reload, in  0.523 seconds
Domain Reload Profiling:
	ReloadAssembly (523ms)
		BeginReloadAssembly (55ms)
			ExecutionOrderSort (0ms)
			DisableScriptedObjects (0ms)
			BackupInstance (0ms)
			ReleaseScriptingObjects (0ms)
			CreateAndSetChildDomain (1ms)
		EndReloadAssembly (411ms)
			LoadAssemblies (53ms)
			RebuildTransferFunctionScriptingTraits (0ms)
			SetupTypeCache (125ms)
			ReleaseScriptCaches (0ms)
			RebuildScriptCaches (27ms)
			SetupLoadedEditorAssemblies (159ms)
				LogAssemblyErrors (0ms)
				InitializePlatformSupportModulesInManaged (4ms)
				SetLoadedEditorAssemblies (0ms)
				RefreshPlugins (45ms)
				BeforeProcessingInitializeOnLoad (7ms)
				ProcessInitializeOnLoadAttributes (80ms)
				ProcessInitializeOnLoadMethodAttributes (23ms)
				AfterProcessingInitializeOnLoad (0ms)
				EditorAssembliesLoaded (0ms)
			ExecutionOrderSort2 (0ms)
			AwakeInstancesAfterBackupRestoration (0ms)
Platform modules already initialized, skipping
Registering precompiled user dll's ...
Registered in 0.003289 seconds.
Begin MonoManager ReloadAssembly
Native extension for WindowsStandalone target not found
Refreshing native plugins compatible for Editor in 37.91 ms, found 3 plugins.
Preloading 0 native plugins for Editor in 0.00 ms.
Mono: successfully reloaded assembly
- Completed reload, in  0.875 seconds
Domain Reload Profiling:
	ReloadAssembly (876ms)
		BeginReloadAssembly (120ms)
			ExecutionOrderSort (0ms)
			DisableScriptedObjects (4ms)
			BackupInstance (0ms)
			ReleaseScriptingObjects (0ms)
			CreateAndSetChildDomain (14ms)
		EndReloadAssembly (708ms)
			LoadAssemblies (77ms)
			RebuildTransferFunctionScriptingTraits (0ms)
			SetupTypeCache (239ms)
			ReleaseScriptCaches (0ms)
			RebuildScriptCaches (40ms)
			SetupLoadedEditorAssemblies (266ms)
				LogAssemblyErrors (0ms)
				InitializePlatformSupportModulesInManaged (3ms)
				SetLoadedEditorAssemblies (0ms)
				RefreshPlugins (38ms)
				BeforeProcessingInitializeOnLoad (52ms)
				ProcessInitializeOnLoadAttributes (151ms)
				ProcessInitializeOnLoadMethodAttributes (16ms)
				AfterProcessingInitializeOnLoad (6ms)
				EditorAssembliesLoaded (0ms)
			ExecutionOrderSort2 (0ms)
			AwakeInstancesAfterBackupRestoration (1ms)
Platform modules already initialized, skipping
========================================================================
Worker process is ready to serve import requests
Launched and connected shader compiler UnityShaderCompiler.exe after 0.05 seconds
Refreshing native plugins compatible for Editor in 0.70 ms, found 3 plugins.
Preloading 0 native plugins for Editor in 0.00 ms.
Unloading 2275 Unused Serialized files (Serialized files now loaded: 0)
System memory in use before: 114.0 MB.
System memory in use after: 114.0 MB.

Unloading 33 unused Assets to reduce memory usage. Loaded Objects now: 2727.
Total: 3.425700 ms (FindLiveObjects: 0.159800 ms CreateObjectMapping: 0.090400 ms MarkObjects: 2.977200 ms  DeleteObjects: 0.197700 ms)

AssetImportParameters requested are different than current active one (requested -> active):
  custom:framework-win-MediaFoundation: 216162199b28c13a410421893ffa2e32 -> 
  custom:video-decoder-ogg-theora: a1e56fd34408186e4bbccfd4996cb3dc -> 
  custom:container-muxer-webm: aa71ff27fc2769a1b78a27578f13a17b -> 
  custom:container-demuxer-webm: 4f35f7cbe854078d1ac9338744f61a02 -> 
  custom:container-demuxer-ogg: 62fdf1f143b41e24485cea50d1cbac27 -> 
  custom:video-encoder-webm-vp8: eb34c28f22e8b96e1ab97ce403110664 -> 
  custom:video-decoder-webm-vp8: 9c59270c3fd7afecdb556c50c9e8de78 -> 
  custom:audio-decoder-ogg-vorbis: bf7c407c2cedff20999df2af8eb42d56 -> 
  custom:audio-encoder-webm-vorbis: bf7c407c2cedff20999df2af8eb42d56 -> 
========================================================================
Received Import Request.
  path: Assets/Scripts/GameManagerScript.cs
  artifactKey: Guid(13b4289e581ec2e4d96e00197e94bbfc) Importer(815301076,1909f56bfc062723c751e8b465ee728b)
Start importing Assets/Scripts/GameManagerScript.cs using Guid(13b4289e581ec2e4d96e00197e94bbfc) Importer(815301076,1909f56bfc062723c751e8b465ee728b)  -> (artifact id: '6f8762570374e5ab7cd10536d1e92201') in 0.082264 seconds 
========================================================================
Received Import Request.
  Time since last request: 58.252198 seconds.
  path: Assets/Scripts/EnemyShootingScript.cs
  artifactKey: Guid(d192279867d8e444b8d3ba7c6e2be4b8) Importer(815301076,1909f56bfc062723c751e8b465ee728b)
Start importing Assets/Scripts/EnemyShootingScript.cs using Guid(d192279867d8e444b8d3ba7c6e2be4b8) Importer(815301076,1909f56bfc062723c751e8b465ee728b)  -> (artifact id: '35deb4380a35393bcd8bdb8ec0bda4da') in 0.006594 seconds 
========================================================================
Received Import Request.
  Time since last request: 27.651897 seconds.
  path: Assets/Prefabs/EnemyShooting.prefab
  artifactKey: Guid(f686a8da507296e4da03c0fabe87374b) Importer(815301076,1909f56bfc062723c751e8b465ee728b)
Start importing Assets/Prefabs/EnemyShooting.prefab using Guid(f686a8da507296e4da03c0fabe87374b) Importer(815301076,1909f56bfc062723c751e8b465ee728b)  -> (artifact id: 'd1aad6f421d0f01364abf6b806dd7ede') in 0.067086 seconds 
========================================================================
Received Import Request.
  Time since last request: 4.111472 seconds.
  path: Assets/Prefabs/EnemyShooting.prefab
  artifactKey: Guid(f686a8da507296e4da03c0fabe87374b) Importer(815301076,1909f56bfc062723c751e8b465ee728b)
Start importing Assets/Prefabs/EnemyShooting.prefab using Guid(f686a8da507296e4da03c0fabe87374b) Importer(815301076,1909f56bfc062723c751e8b465ee728b)  -> (artifact id: '5f22c3eb72a8b8c2cf2bdb26d2bbd077') in 0.009980 seconds 
========================================================================
Received Import Request.
  Time since last request: 3.589077 seconds.
  path: Assets/Prefabs/EnemyShooting.prefab
  artifactKey: Guid(f686a8da507296e4da03c0fabe87374b) Importer(815301076,1909f56bfc062723c751e8b465ee728b)
Start importing Assets/Prefabs/EnemyShooting.prefab using Guid(f686a8da507296e4da03c0fabe87374b) Importer(815301076,1909f56bfc062723c751e8b465ee728b)  -> (artifact id: '0366694a094b77fbb135c58355d7aeab') in 0.008831 seconds 
========================================================================
Received Import Request.
  Time since last request: 1.395066 seconds.
  path: Assets/Prefabs/EnemyShooting.prefab
  artifactKey: Guid(f686a8da507296e4da03c0fabe87374b) Importer(815301076,1909f56bfc062723c751e8b465ee728b)
Start importing Assets/Prefabs/EnemyShooting.prefab using Guid(f686a8da507296e4da03c0fabe87374b) Importer(815301076,1909f56bfc062723c751e8b465ee728b)  -> (artifact id: '36e22d1d0bbc604f3ea9baccc5fa3f7b') in 0.007391 seconds 
========================================================================
Received Import Request.
  Time since last request: 1.605473 seconds.
  path: Assets/Prefabs/EnemyShooting.prefab
  artifactKey: Guid(f686a8da507296e4da03c0fabe87374b) Importer(815301076,1909f56bfc062723c751e8b465ee728b)
Start importing Assets/Prefabs/EnemyShooting.prefab using Guid(f686a8da507296e4da03c0fabe87374b) Importer(815301076,1909f56bfc062723c751e8b465ee728b)  -> (artifact id: 'e871e178e1e54b65434d146df92cf034') in 0.008427 seconds 
========================================================================
Received Import Request.
  Time since last request: 5.854446 seconds.
  path: Assets/Prefabs/EnemyShooting.prefab
  artifactKey: Guid(f686a8da507296e4da03c0fabe87374b) Importer(815301076,1909f56bfc062723c751e8b465ee728b)
Start importing Assets/Prefabs/EnemyShooting.prefab using Guid(f686a8da507296e4da03c0fabe87374b) Importer(815301076,1909f56bfc062723c751e8b465ee728b)  -> (artifact id: '730b70ebcde117050a73c3052212d2d0') in 0.009166 seconds 
========================================================================
Received Import Request.
  Time since last request: 2.013636 seconds.
  path: Assets/Prefabs/EnemyShooting.prefab
  artifactKey: Guid(f686a8da507296e4da03c0fabe87374b) Importer(815301076,1909f56bfc062723c751e8b465ee728b)
Start importing Assets/Prefabs/EnemyShooting.prefab using Guid(f686a8da507296e4da03c0fabe87374b) Importer(815301076,1909f56bfc062723c751e8b465ee728b)  -> (artifact id: '7e98b08d3b49a436f19b50cc3ae6481a') in 0.007208 seconds 
========================================================================
Received Import Request.
  Time since last request: 1.409727 seconds.
  path: Assets/Prefabs/EnemyShooting.prefab
  artifactKey: Guid(f686a8da507296e4da03c0fabe87374b) Importer(815301076,1909f56bfc062723c751e8b465ee728b)
Start importing Assets/Prefabs/EnemyShooting.prefab using Guid(f686a8da507296e4da03c0fabe87374b) Importer(815301076,1909f56bfc062723c751e8b465ee728b)  -> (artifact id: 'fca5b86a1aabe40a90bb5249642a1bfb') in 0.010020 seconds 
========================================================================
Received Import Request.
  Time since last request: 18.691060 seconds.
  path: Assets/Prefabs/Boss.prefab
  artifactKey: Guid(ce05d5d7d8538c34ba9c82e7589688bf) Importer(815301076,1909f56bfc062723c751e8b465ee728b)
Start importing Assets/Prefabs/Boss.prefab using Guid(ce05d5d7d8538c34ba9c82e7589688bf) Importer(815301076,1909f56bfc062723c751e8b465ee728b)  -> (artifact id: 'c0f9b0907ec418c58b97d90ae95133fb') in 0.021561 seconds 
========================================================================
Received Import Request.
  Time since last request: 2.581999 seconds.
  path: Assets/Prefabs/Boss.prefab
  artifactKey: Guid(ce05d5d7d8538c34ba9c82e7589688bf) Importer(815301076,1909f56bfc062723c751e8b465ee728b)
Start importing Assets/Prefabs/Boss.prefab using Guid(ce05d5d7d8538c34ba9c82e7589688bf) Importer(815301076,1909f56bfc062723c751e8b465ee728b)  -> (artifact id: 'ca6a43ee45ec456dfbe6cad30d48bd39') in 0.012720 seconds 
========================================================================
Received Import Request.
  Time since last request: 2.003714 seconds.
  path: Assets/Prefabs/Boss.prefab
  artifactKey: Guid(ce05d5d7d8538c34ba9c82e7589688bf) Importer(815301076,1909f56bfc062723c751e8b465ee728b)
Start importing Assets/Prefabs/Boss.prefab using Guid(ce05d5d7d8538c34ba9c82e7589688bf) Importer(815301076,1909f56bfc062723c751e8b465ee728b)  -> (artifact id: '21a4d8dd07e84da4a187a1a8c2d124de') in 0.007199 seconds 
========================================================================
Received Import Request.
  Time since last request: 4.044624 seconds.
  path: Assets/Prefabs/Boss.prefab
  artifactKey: Guid(ce05d5d7d8538c34ba9c82e7589688bf) Importer(815301076,1909f56bfc062723c751e8b465ee728b)
Start importing Assets/Prefabs/Boss.prefab using Guid(ce05d5d7d8538c34ba9c82e7589688bf) Importer(815301076,1909f56bfc062723c751e8b465ee728b)  -> (artifact id: 'c1c3ea10dc5011560988257251018877') in 0.006954 seconds 
========================================================================
Received Import Request.
  Time since last request: 1.803969 seconds.
  path: Assets/Prefabs/Boss.prefab
  artifactKey: Guid(ce05d5d7d8538c34ba9c82e7589688bf) Importer(815301076,1909f56bfc062723c751e8b465ee728b)
Start importing Assets/Prefabs/Boss.prefab using Guid(ce05d5d7d8538c34ba9c82e7589688bf) Importer(815301076,1909f56bfc062723c751e8b465ee728b)  -> (artifact id: '907c17b361d1bfe866231a31a9e9a15f') in 0.008155 seconds 
========================================================================
Received Import Request.
  Time since last request: 3.832519 seconds.
  path: Assets/Prefabs/Boss.prefab
  artifactKey: Guid(ce05d5d7d8538c34ba9c82e7589688bf) Importer(815301076,1909f56bfc062723c751e8b465ee728b)
Start importing Assets/Prefabs/Boss.prefab using Guid(ce05d5d7d8538c34ba9c82e7589688bf) Importer(815301076,1909f56bfc062723c751e8b465ee728b)  -> (artifact id: '15d278a5fe1af85a39b3247bab259a5c') in 0.007845 seconds 
========================================================================
Received Import Request.
  Time since last request: 2.022072 seconds.
  path: Assets/Prefabs/Boss.prefab
  artifactKey: Guid(ce05d5d7d8538c34ba9c82e7589688bf) Importer(815301076,1909f56bfc062723c751e8b465ee728b)
Start importing Assets/Prefabs/Boss.prefab using Guid(ce05d5d7d8538c34ba9c82e7589688bf) Importer(815301076,1909f56bfc062723c751e8b465ee728b)  -> (artifact id: 'dd92ab50ef793aef337f4b9f85e15148') in 0.008934 seconds 
========================================================================
Received Import Request.
  Time since last request: 3.436589 seconds.
  path: Assets/Prefabs/Boss.prefab
  artifactKey: Guid(ce05d5d7d8538c34ba9c82e7589688bf) Importer(815301076,1909f56bfc062723c751e8b465ee728b)
Start importing Assets/Prefabs/Boss.prefab using Guid(ce05d5d7d8538c34ba9c82e7589688bf) Importer(815301076,1909f56bfc062723c751e8b465ee728b)  -> (artifact id: 'ce0316bb3db09d81c65ac2652b1a5719') in 0.007038 seconds 
========================================================================
Received Import Request.
  Time since last request: 2.214437 seconds.
  path: Assets/Prefabs/Boss.prefab
  artifactKey: Guid(ce05d5d7d8538c34ba9c82e7589688bf) Importer(815301076,1909f56bfc062723c751e8b465ee728b)
Start importing Assets/Prefabs/Boss.prefab using Guid(ce05d5d7d8538c34ba9c82e7589688bf) Importer(815301076,1909f56bfc062723c751e8b465ee728b)  -> (artifact id: '7b47aaa64002fea9e5f969c508f836ee') in 0.006707 seconds 
========================================================================
Received Import Request.
  Time since last request: 2.822334 seconds.
  path: Assets/Prefabs/Boss.prefab
  artifactKey: Guid(ce05d5d7d8538c34ba9c82e7589688bf) Importer(815301076,1909f56bfc062723c751e8b465ee728b)
Start importing Assets/Prefabs/Boss.prefab using Guid(ce05d5d7d8538c34ba9c82e7589688bf) Importer(815301076,1909f56bfc062723c751e8b465ee728b)  -> (artifact id: '82a2017a88c38264b4cb7faa27733ca2') in 0.006887 seconds 
========================================================================
Received Import Request.
  Time since last request: 1.811988 seconds.
  path: Assets/Prefabs/Boss.prefab
  artifactKey: Guid(ce05d5d7d8538c34ba9c82e7589688bf) Importer(815301076,1909f56bfc062723c751e8b465ee728b)
Start importing Assets/Prefabs/Boss.prefab using Guid(ce05d5d7d8538c34ba9c82e7589688bf) Importer(815301076,1909f56bfc062723c751e8b465ee728b)  -> (artifact id: '3feb1ead721826d5dce910539ca60195') in 0.007062 seconds 
========================================================================
Received Import Request.
  Time since last request: 34.944129 seconds.
  path: Assets/Scenes/Game.unity
  artifactKey: Guid(2cda990e2423bbf4892e6590ba056729) Importer(815301076,1909f56bfc062723c751e8b465ee728b)
Start importing Assets/Scenes/Game.unity using Guid(2cda990e2423bbf4892e6590ba056729) Importer(815301076,1909f56bfc062723c751e8b465ee728b)  -> (artifact id: 'fddc8191f661f283aba1556786018f98') in 0.028086 seconds 
========================================================================
Received Prepare
Refreshing native plugins compatible for Editor in 3.92 ms, found 3 plugins.
Preloading 0 native plugins for Editor in 0.00 ms.
Unloading 20 Unused Serialized files (Serialized files now loaded: 0)
System memory in use before: 74.3 MB.
System memory in use after: 74.3 MB.

Unloading 20 unused Assets to reduce memory usage. Loaded Objects now: 2734.
Total: 2.873000 ms (FindLiveObjects: 0.157900 ms CreateObjectMapping: 0.095100 ms MarkObjects: 2.496300 ms  DeleteObjects: 0.123100 ms)

AssetImportParameters requested are different than current active one (requested -> active):
  custom:framework-win-MediaFoundation: 216162199b28c13a410421893ffa2e32 -> 
  custom:video-decoder-ogg-theora: a1e56fd34408186e4bbccfd4996cb3dc -> 
  custom:container-muxer-webm: aa71ff27fc2769a1b78a27578f13a17b -> 
  custom:container-demuxer-webm: 4f35f7cbe854078d1ac9338744f61a02 -> 
  custom:container-demuxer-ogg: 62fdf1f143b41e24485cea50d1cbac27 -> 
  custom:video-encoder-webm-vp8: eb34c28f22e8b96e1ab97ce403110664 -> 
  custom:video-decoder-webm-vp8: 9c59270c3fd7afecdb556c50c9e8de78 -> 
  custom:audio-decoder-ogg-vorbis: bf7c407c2cedff20999df2af8eb42d56 -> 
  custom:audio-encoder-webm-vorbis: bf7c407c2cedff20999df2af8eb42d56 -> 
AssetImportWorkerClient::OnTransportError - code=2 error=End of file
